<?xml version="1.0" encoding="UTF-8"?>
<testsuite name="com.generalbytes.batm.server.extensions.extra.dash.sources.coinmarketcap.CoinmarketcapAPITest" tests="7" skipped="7" failures="0" errors="0" timestamp="2022-10-19T18:20:27" hostname="gabriel-parada" time="0.002">
  <properties/>
  <testcase name="getTickerOneIntegerOneNullParametersTest" classname="com.generalbytes.batm.server.extensions.extra.dash.sources.coinmarketcap.CoinmarketcapAPITest" time="0.0">
    <skipped/>
  </testcase>
  <testcase name="jsonTest" classname="com.generalbytes.batm.server.extensions.extra.dash.sources.coinmarketcap.CoinmarketcapAPITest" time="0.001">
    <skipped/>
  </testcase>
  <testcase name="getTickerDogecoinTest" classname="com.generalbytes.batm.server.extensions.extra.dash.sources.coinmarketcap.CoinmarketcapAPITest" time="0.0">
    <skipped/>
  </testcase>
  <testcase name="getTickerOneIntegerOneStringParametersTest" classname="com.generalbytes.batm.server.extensions.extra.dash.sources.coinmarketcap.CoinmarketcapAPITest" time="0.0">
    <skipped/>
  </testcase>
  <testcase name="getQuoteByCurrencySymbolAndFiatCurrencyTest" classname="com.generalbytes.batm.server.extensions.extra.dash.sources.coinmarketcap.CoinmarketcapAPITest" time="0.0">
    <skipped/>
  </testcase>
  <testcase name="getQuotesTest" classname="com.generalbytes.batm.server.extensions.extra.dash.sources.coinmarketcap.CoinmarketcapAPITest" time="0.0">
    <skipped/>
  </testcase>
  <testcase name="nullApiKey" classname="com.generalbytes.batm.server.extensions.extra.dash.sources.coinmarketcap.CoinmarketcapAPITest" time="0.0">
    <skipped/>
  </testcase>
  <system-out><![CDATA[]]></system-out>
  <system-err><![CDATA[]]></system-err>
</testsuite>
