<?xml version="1.0" encoding="UTF-8"?>
<testsuite name="com.generalbytes.batm.server.extensions.extra.bitcoin.wallets.bitgo.v2.BitgoAPITest" tests="6" skipped="6" failures="0" errors="0" timestamp="2022-11-22T17:02:33" hostname="gabriel-parada" time="0.0">
  <properties/>
  <testcase name="getWalletTest" classname="com.generalbytes.batm.server.extensions.extra.bitcoin.wallets.bitgo.v2.BitgoAPITest" time="0.0">
    <skipped/>
  </testcase>
  <testcase name="getWalletsTest" classname="com.generalbytes.batm.server.extensions.extra.bitcoin.wallets.bitgo.v2.BitgoAPITest" time="0.0">
    <skipped/>
  </testcase>
  <testcase name="getBalancesTest" classname="com.generalbytes.batm.server.extensions.extra.bitcoin.wallets.bitgo.v2.BitgoAPITest" time="0.0">
    <skipped/>
  </testcase>
  <testcase name="getWalletByAIdTest" classname="com.generalbytes.batm.server.extensions.extra.bitcoin.wallets.bitgo.v2.BitgoAPITest" time="0.0">
    <skipped/>
  </testcase>
  <testcase name="sendCoinsTest" classname="com.generalbytes.batm.server.extensions.extra.bitcoin.wallets.bitgo.v2.BitgoAPITest" time="0.0">
    <skipped/>
  </testcase>
  <testcase name="getWalletByLabelTest" classname="com.generalbytes.batm.server.extensions.extra.bitcoin.wallets.bitgo.v2.BitgoAPITest" time="0.0">
    <skipped/>
  </testcase>
  <system-out><![CDATA[]]></system-out>
  <system-err><![CDATA[]]></system-err>
</testsuite>
