<?xml version="1.0" encoding="UTF-8"?>
<testsuite name="com.generalbytes.batm.server.extensions.extra.watchlists.ofac.OFACWatchListTest" tests="1" skipped="0" failures="0" errors="0" timestamp="2022-10-19T18:20:27" hostname="gabriel-parada" time="0.599">
  <properties/>
  <testcase name="testWatchlistPositive" classname="com.generalbytes.batm.server.extensions.extra.watchlists.ofac.OFACWatchListTest" time="0.599"/>
  <system-out><![CDATA[]]></system-out>
  <system-err><![CDATA[]]></system-err>
</testsuite>
