<?xml version="1.0" encoding="UTF-8"?>
<testsuite name="com.generalbytes.batm.server.extensions.extra.common.RPCBlockchainWatcherTest" tests="1" skipped="1" failures="0" errors="0" timestamp="2022-10-19T18:20:28" hostname="gabriel-parada" time="0.001">
  <properties/>
  <testcase name="test" classname="com.generalbytes.batm.server.extensions.extra.common.RPCBlockchainWatcherTest" time="0.001">
    <skipped/>
  </testcase>
  <system-out><![CDATA[]]></system-out>
  <system-err><![CDATA[]]></system-err>
</testsuite>
