<?xml version="1.0" encoding="UTF-8"?>
<testsuite name="com.generalbytes.batm.server.extensions.extra.bitcoin.exchanges.bitbuy.BitbuyDigestTest" tests="2" skipped="0" failures="0" errors="0" timestamp="2022-10-19T18:20:29" hostname="gabriel-parada" time="0.065">
  <properties/>
  <testcase name="testGetMacDataPost" classname="com.generalbytes.batm.server.extensions.extra.bitcoin.exchanges.bitbuy.BitbuyDigestTest" time="0.061"/>
  <testcase name="testGetMacDataGet" classname="com.generalbytes.batm.server.extensions.extra.bitcoin.exchanges.bitbuy.BitbuyDigestTest" time="0.004"/>
  <system-out><![CDATA[]]></system-out>
  <system-err><![CDATA[]]></system-err>
</testsuite>
