<?xml version="1.0" encoding="UTF-8"?>
<testsuite name="com.generalbytes.batm.server.extensions.extra.nano.NanoAddressValidatorTest" tests="2" skipped="0" failures="0" errors="0" timestamp="2022-10-19T18:20:28" hostname="gabriel-parada" time="0.002">
  <properties/>
  <testcase name="testValidAddresses" classname="com.generalbytes.batm.server.extensions.extra.nano.NanoAddressValidatorTest" time="0.001"/>
  <testcase name="testInvalidAddresses" classname="com.generalbytes.batm.server.extensions.extra.nano.NanoAddressValidatorTest" time="0.001"/>
  <system-out><![CDATA[]]></system-out>
  <system-err><![CDATA[]]></system-err>
</testsuite>
