<?xml version="1.0" encoding="UTF-8"?>
<testsuite name="com.generalbytes.batm.server.extensions.extra.watchlists.ca.CaWatchListTest" tests="1" skipped="0" failures="0" errors="0" timestamp="2022-11-22T17:02:32" hostname="gabriel-parada" time="0.01">
  <properties/>
  <testcase name="testWatchlistPositive" classname="com.generalbytes.batm.server.extensions.extra.watchlists.ca.CaWatchListTest" time="0.01"/>
  <system-out><![CDATA[]]></system-out>
  <system-err><![CDATA[]]></system-err>
</testsuite>
