<?xml version="1.0" encoding="UTF-8"?>
<testsuite name="com.generalbytes.batm.server.extensions.extra.lightningbitcoin.wallets.lnd.LndWalletTest" tests="4" skipped="4" failures="0" errors="0" timestamp="2022-10-19T18:20:28" hostname="gabriel-parada" time="0.001">
  <properties/>
  <testcase name="getCryptoAddress" classname="com.generalbytes.batm.server.extensions.extra.lightningbitcoin.wallets.lnd.LndWalletTest" time="0.0">
    <skipped/>
  </testcase>
  <testcase name="sendCoins" classname="com.generalbytes.batm.server.extensions.extra.lightningbitcoin.wallets.lnd.LndWalletTest" time="0.0">
    <skipped/>
  </testcase>
  <testcase name="getCryptoBalance" classname="com.generalbytes.batm.server.extensions.extra.lightningbitcoin.wallets.lnd.LndWalletTest" time="0.0">
    <skipped/>
  </testcase>
  <testcase name="receive" classname="com.generalbytes.batm.server.extensions.extra.lightningbitcoin.wallets.lnd.LndWalletTest" time="0.0">
    <skipped/>
  </testcase>
  <system-out><![CDATA[]]></system-out>
  <system-err><![CDATA[]]></system-err>
</testsuite>
