<?xml version="1.0" encoding="UTF-8"?>
<testsuite name="com.generalbytes.batm.server.extensions.BatmExtensionsXmlTest" tests="4" skipped="0" failures="0" errors="0" timestamp="2022-10-19T18:20:29" hostname="gabriel-parada" time="0.269">
  <properties/>
  <testcase name="testCryptoCurrencyValidators" classname="com.generalbytes.batm.server.extensions.BatmExtensionsXmlTest" time="0.212"/>
  <testcase name="testExtensionClassesExist" classname="com.generalbytes.batm.server.extensions.BatmExtensionsXmlTest" time="0.016"/>
  <testcase name="testCryptoCurrencies" classname="com.generalbytes.batm.server.extensions.BatmExtensionsXmlTest" time="0.02"/>
  <testcase name="testCryptoLogos" classname="com.generalbytes.batm.server.extensions.BatmExtensionsXmlTest" time="0.019"/>
  <system-out><![CDATA[]]></system-out>
  <system-err><![CDATA[]]></system-err>
</testsuite>
