<?xml version="1.0" encoding="UTF-8"?>
<testsuite name="com.generalbytes.batm.server.extensions.extra.lightningbitcoin.wallets.eclair.EclairWalletTest" tests="3" skipped="3" failures="0" errors="0" timestamp="2022-11-22T17:02:32" hostname="gabriel-parada" time="0.0">
  <properties/>
  <testcase name="getCryptoAddress" classname="com.generalbytes.batm.server.extensions.extra.lightningbitcoin.wallets.eclair.EclairWalletTest" time="0.0">
    <skipped/>
  </testcase>
  <testcase name="sendCoins" classname="com.generalbytes.batm.server.extensions.extra.lightningbitcoin.wallets.eclair.EclairWalletTest" time="0.0">
    <skipped/>
  </testcase>
  <testcase name="getCryptoBalance" classname="com.generalbytes.batm.server.extensions.extra.lightningbitcoin.wallets.eclair.EclairWalletTest" time="0.0">
    <skipped/>
  </testcase>
  <system-out><![CDATA[]]></system-out>
  <system-err><![CDATA[]]></system-err>
</testsuite>
