<?xml version="1.0" encoding="UTF-8"?>
<testsuite name="com.generalbytes.batm.server.extensions.extra.bitcoin.exchanges.bitbuy.BitbuyDigestTest" tests="2" skipped="0" failures="0" errors="0" timestamp="2022-11-22T17:02:33" hostname="gabriel-parada" time="0.072">
  <properties/>
  <testcase name="testGetMacDataPost" classname="com.generalbytes.batm.server.extensions.extra.bitcoin.exchanges.bitbuy.BitbuyDigestTest" time="0.069"/>
  <testcase name="testGetMacDataGet" classname="com.generalbytes.batm.server.extensions.extra.bitcoin.exchanges.bitbuy.BitbuyDigestTest" time="0.003"/>
  <system-out><![CDATA[]]></system-out>
  <system-err><![CDATA[]]></system-err>
</testsuite>
