<?xml version="1.0" encoding="UTF-8"?>
<testsuite name="com.generalbytes.batm.server.extensions.extra.dash.sources.coinmarketcap.CoinmarketcapRateSourceTest" tests="2" skipped="2" failures="0" errors="0" timestamp="2022-11-22T17:02:32" hostname="gabriel-parada" time="0.0">
  <properties/>
  <testcase name="nullApi" classname="com.generalbytes.batm.server.extensions.extra.dash.sources.coinmarketcap.CoinmarketcapRateSourceTest" time="0.0">
    <skipped/>
  </testcase>
  <testcase name="getExchangeRateLastTest" classname="com.generalbytes.batm.server.extensions.extra.dash.sources.coinmarketcap.CoinmarketcapRateSourceTest" time="0.0">
    <skipped/>
  </testcase>
  <system-out><![CDATA[]]></system-out>
  <system-err><![CDATA[]]></system-err>
</testsuite>
