<?xml version="1.0" encoding="UTF-8"?>
<testsuite name="com.generalbytes.batm.server.extensions.BatmExtensionsXmlTest" tests="4" skipped="0" failures="0" errors="0" timestamp="2022-11-22T17:02:31" hostname="gabriel-parada" time="0.359">
  <properties/>
  <testcase name="testCryptoCurrencyValidators" classname="com.generalbytes.batm.server.extensions.BatmExtensionsXmlTest" time="0.297"/>
  <testcase name="testExtensionClassesExist" classname="com.generalbytes.batm.server.extensions.BatmExtensionsXmlTest" time="0.021"/>
  <testcase name="testCryptoCurrencies" classname="com.generalbytes.batm.server.extensions.BatmExtensionsXmlTest" time="0.02"/>
  <testcase name="testCryptoLogos" classname="com.generalbytes.batm.server.extensions.BatmExtensionsXmlTest" time="0.021"/>
  <system-out><![CDATA[]]></system-out>
  <system-err><![CDATA[]]></system-err>
</testsuite>
