<?xml version="1.0" encoding="UTF-8"?>
<testsuite name="com.generalbytes.batm.server.extensions.extra.bitcoincash.BitcoinCashAddressInvalidTest" tests="15" skipped="0" failures="0" errors="0" timestamp="2022-11-22T17:02:33" hostname="gabriel-parada" time="0.031">
  <properties/>
  <testcase name="invalidInput0" classname="com.generalbytes.batm.server.extensions.extra.bitcoincash.BitcoinCashAddressInvalidTest" time="0.001"/>
  <testcase name="invalidInput1" classname="com.generalbytes.batm.server.extensions.extra.bitcoincash.BitcoinCashAddressInvalidTest" time="0.0"/>
  <testcase name="invalidInput3" classname="com.generalbytes.batm.server.extensions.extra.bitcoincash.BitcoinCashAddressInvalidTest" time="0.0"/>
  <testcase name="invalidInputColPppp" classname="com.generalbytes.batm.server.extensions.extra.bitcoincash.BitcoinCashAddressInvalidTest" time="0.007"/>
  <testcase name="invalidInputColQqqq" classname="com.generalbytes.batm.server.extensions.extra.bitcoincash.BitcoinCashAddressInvalidTest" time="0.001"/>
  <testcase name="emptyInput" classname="com.generalbytes.batm.server.extensions.extra.bitcoincash.BitcoinCashAddressInvalidTest" time="0.001"/>
  <testcase name="invalidInputCol" classname="com.generalbytes.batm.server.extensions.extra.bitcoincash.BitcoinCashAddressInvalidTest" time="0.0"/>
  <testcase name="invalidInputSlpPppp" classname="com.generalbytes.batm.server.extensions.extra.bitcoincash.BitcoinCashAddressInvalidTest" time="0.001"/>
  <testcase name="invalidInputSlpQqqq" classname="com.generalbytes.batm.server.extensions.extra.bitcoincash.BitcoinCashAddressInvalidTest" time="0.001"/>
  <testcase name="invalidInput1111" classname="com.generalbytes.batm.server.extensions.extra.bitcoincash.BitcoinCashAddressInvalidTest" time="0.001"/>
  <testcase name="invalidInput3333" classname="com.generalbytes.batm.server.extensions.extra.bitcoincash.BitcoinCashAddressInvalidTest" time="0.0"/>
  <testcase name="invalidInputPppp" classname="com.generalbytes.batm.server.extensions.extra.bitcoincash.BitcoinCashAddressInvalidTest" time="0.006"/>
  <testcase name="invalidInputQqqq" classname="com.generalbytes.batm.server.extensions.extra.bitcoincash.BitcoinCashAddressInvalidTest" time="0.003"/>
  <testcase name="invalidInputSlpE" classname="com.generalbytes.batm.server.extensions.extra.bitcoincash.BitcoinCashAddressInvalidTest" time="0.0"/>
  <testcase name="nullInput" classname="com.generalbytes.batm.server.extensions.extra.bitcoincash.BitcoinCashAddressInvalidTest" time="0.001"/>
  <system-out><![CDATA[]]></system-out>
  <system-err><![CDATA[]]></system-err>
</testsuite>
