<?xml version="1.0" encoding="UTF-8"?>
<testsuite name="com.generalbytes.batm.server.extensions.extra.bitcoincash.BitcoinCashAddressTest" tests="6" skipped="0" failures="0" errors="0" timestamp="2022-11-22T17:02:33" hostname="gabriel-parada" time="0.046">
  <properties/>
  <testcase name="convert[0]" classname="com.generalbytes.batm.server.extensions.extra.bitcoincash.BitcoinCashAddressTest" time="0.012"/>
  <testcase name="convert[1]" classname="com.generalbytes.batm.server.extensions.extra.bitcoincash.BitcoinCashAddressTest" time="0.006"/>
  <testcase name="convert[2]" classname="com.generalbytes.batm.server.extensions.extra.bitcoincash.BitcoinCashAddressTest" time="0.006"/>
  <testcase name="convert[3]" classname="com.generalbytes.batm.server.extensions.extra.bitcoincash.BitcoinCashAddressTest" time="0.005"/>
  <testcase name="convert[4]" classname="com.generalbytes.batm.server.extensions.extra.bitcoincash.BitcoinCashAddressTest" time="0.005"/>
  <testcase name="convert[5]" classname="com.generalbytes.batm.server.extensions.extra.bitcoincash.BitcoinCashAddressTest" time="0.011"/>
  <system-out><![CDATA[]]></system-out>
  <system-err><![CDATA[]]></system-err>
</testsuite>
