<?xml version="1.0" encoding="UTF-8"?>
<testsuite name="com.generalbytes.batm.server.extensions.extra.litecoin.LitecoinAddressValidatorTest" tests="1" skipped="0" failures="0" errors="0" timestamp="2022-10-19T18:20:29" hostname="gabriel-parada" time="0.001">
  <properties/>
  <testcase name="addressValidTest" classname="com.generalbytes.batm.server.extensions.extra.litecoin.LitecoinAddressValidatorTest" time="0.001"/>
  <system-out><![CDATA[]]></system-out>
  <system-err><![CDATA[]]></system-err>
</testsuite>
