<?xml version="1.0" encoding="UTF-8"?>
<testsuite name="com.generalbytes.batm.server.extensions.extra.elrond.ElrondAddressValidatorTest" tests="1" skipped="0" failures="0" errors="0" timestamp="2022-11-22T17:02:32" hostname="gabriel-parada" time="0.003">
  <properties/>
  <testcase name="addressValidTest" classname="com.generalbytes.batm.server.extensions.extra.elrond.ElrondAddressValidatorTest" time="0.003"/>
  <system-out><![CDATA[]]></system-out>
  <system-err><![CDATA[]]></system-err>
</testsuite>
