<?xml version="1.0" encoding="UTF-8"?>
<testsuite name="com.generalbytes.batm.common.currencies.FiatCurrencyTest" tests="3" skipped="0" failures="0" errors="0" timestamp="2022-10-19T18:20:23" hostname="gabriel-parada" time="0.002">
  <properties/>
  <testcase name="getCurrencyName" classname="com.generalbytes.batm.common.currencies.FiatCurrencyTest" time="0.001"/>
  <testcase name="getCode" classname="com.generalbytes.batm.common.currencies.FiatCurrencyTest" time="0.0"/>
  <testcase name="getCodes" classname="com.generalbytes.batm.common.currencies.FiatCurrencyTest" time="0.0"/>
  <system-out><![CDATA[]]></system-out>
  <system-err><![CDATA[]]></system-err>
</testsuite>
