<?xml version="1.0" encoding="UTF-8"?>
<testsuite name="com.generalbytes.batm.common.currencies.CryptoCurrencyTest" tests="5" skipped="0" failures="0" errors="0" timestamp="2022-11-22T17:00:23" hostname="gabriel-parada" time="0.012">
  <properties/>
  <testcase name="getCurrencyName" classname="com.generalbytes.batm.common.currencies.CryptoCurrencyTest" time="0.005"/>
  <testcase name="valueOfCode" classname="com.generalbytes.batm.common.currencies.CryptoCurrencyTest" time="0.0"/>
  <testcase name="getCode" classname="com.generalbytes.batm.common.currencies.CryptoCurrencyTest" time="0.005"/>
  <testcase name="valueOfException" classname="com.generalbytes.batm.common.currencies.CryptoCurrencyTest" time="0.001"/>
  <testcase name="getCodes" classname="com.generalbytes.batm.common.currencies.CryptoCurrencyTest" time="0.0"/>
  <system-out><![CDATA[]]></system-out>
  <system-err><![CDATA[]]></system-err>
</testsuite>
