<?xml version="1.0" encoding="UTF-8"?>
<testsuite name="com.generalbytes.batm.server.coinutil.LnurlUtilTest" tests="6" skipped="0" failures="0" errors="0" timestamp="2022-10-19T18:20:24" hostname="gabriel-parada" time="0.009">
  <properties/>
  <testcase name="decode" classname="com.generalbytes.batm.server.coinutil.LnurlUtilTest" time="0.001"/>
  <testcase name="schemeOnly" classname="com.generalbytes.batm.server.coinutil.LnurlUtilTest" time="0.006"/>
  <testcase name="separatorOnly" classname="com.generalbytes.batm.server.coinutil.LnurlUtilTest" time="0.001"/>
  <testcase name="empty" classname="com.generalbytes.batm.server.coinutil.LnurlUtilTest" time="0.0"/>
  <testcase name="nullLnurl" classname="com.generalbytes.batm.server.coinutil.LnurlUtilTest" time="0.001"/>
  <testcase name="decodeWithoutScheme" classname="com.generalbytes.batm.server.coinutil.LnurlUtilTest" time="0.0"/>
  <system-out><![CDATA[]]></system-out>
  <system-err><![CDATA[]]></system-err>
</testsuite>
