<?xml version="1.0" encoding="UTF-8"?>
<testsuite name="com.generalbytes.batm.server.extensions.payment.PaymentRequestTest" tests="1" skipped="0" failures="0" errors="0" timestamp="2022-10-19T18:20:24" hostname="gabriel-parada" time="0.004">
  <properties/>
  <testcase name="getForwardingTransactionMiningFee" classname="com.generalbytes.batm.server.extensions.payment.PaymentRequestTest" time="0.004"/>
  <system-out><![CDATA[]]></system-out>
  <system-err><![CDATA[]]></system-err>
</testsuite>
