<?xml version="1.0" encoding="UTF-8"?>
<testsuite name="com.generalbytes.batm.server.coinutil.LnInvoiceUtilParseTest" tests="14" skipped="0" failures="0" errors="0" timestamp="2022-10-19T18:20:24" hostname="gabriel-parada" time="0.012">
  <properties/>
  <testcase name="zeroAmount" classname="com.generalbytes.batm.server.coinutil.LnInvoiceUtilParseTest" time="0.004"/>
  <testcase name="cupOfNonsense" classname="com.generalbytes.batm.server.coinutil.LnInvoiceUtilParseTest" time="0.0"/>
  <testcase name="invalidMultiplier" classname="com.generalbytes.batm.server.coinutil.LnInvoiceUtilParseTest" time="0.0"/>
  <testcase name="hashed" classname="com.generalbytes.batm.server.coinutil.LnInvoiceUtilParseTest" time="0.002"/>
  <testcase name="lnbc11" classname="com.generalbytes.batm.server.coinutil.LnInvoiceUtilParseTest" time="0.0"/>
  <testcase name="lnbc5555550n" classname="com.generalbytes.batm.server.coinutil.LnInvoiceUtilParseTest" time="0.001"/>
  <testcase name="testnetPrefix" classname="com.generalbytes.batm.server.coinutil.LnInvoiceUtilParseTest" time="0.0"/>
  <testcase name="invalidChecksum" classname="com.generalbytes.batm.server.coinutil.LnInvoiceUtilParseTest" time="0.001"/>
  <testcase name="lnbc20m" classname="com.generalbytes.batm.server.coinutil.LnInvoiceUtilParseTest" time="0.0"/>
  <testcase name="lnbc2500u" classname="com.generalbytes.batm.server.coinutil.LnInvoiceUtilParseTest" time="0.0"/>
  <testcase name="malformedBech32" classname="com.generalbytes.batm.server.coinutil.LnInvoiceUtilParseTest" time="0.0"/>
  <testcase name="mixedCase" classname="com.generalbytes.batm.server.coinutil.LnInvoiceUtilParseTest" time="0.001"/>
  <testcase name="lnbc9678785340p" classname="com.generalbytes.batm.server.coinutil.LnInvoiceUtilParseTest" time="0.0"/>
  <testcase name="invalidPrecision" classname="com.generalbytes.batm.server.coinutil.LnInvoiceUtilParseTest" time="0.0"/>
  <system-out><![CDATA[]]></system-out>
  <system-err><![CDATA[]]></system-err>
</testsuite>
